<?xml version="1.0" encoding="UTF-8"?>
<!-- Generated by org.testng.reporters.JUnitReportReporter -->
<testsuite skipped="0" hostname="Tests-MacBook-Pro.local" name="Chapter1.BasicIT" tests="2" failures="0" timestamp="06 Sep 2018 10:13:52 GMT" time="9.547" errors="0">
  <testcase name="googleCheeseExample" time="4.235" classname="Chapter1.BasicIT"/>
  <testcase name="googleMilkExample" time="5.312" classname="Chapter1.BasicIT"/>
</testsuite> <!-- Chapter1.BasicIT -->
